Determining if the pthread_create exist failed with the following output:
Change Dir: /home/zyw/catkin_ws/src/isee_camvox/inertial-sense-ros/build/CMakeFiles/CMakeTmp

Run Build Command:"/usr/bin/make" "cmTC_ef6bb/fast"
/usr/bin/make -f CMakeFiles/cmTC_ef6bb.dir/build.make CMakeFiles/cmTC_ef6bb.dir/build
make[1]: Entering directory '/home/zyw/catkin_ws/src/isee_camvox/inertial-sense-ros/build/CMakeFiles/CMakeTmp'
Building C object CMakeFiles/cmTC_ef6bb.dir/CheckSymbolExists.c.o
/usr/bin/x86_64-linux-gnu-gcc-5     -o CMakeFiles/cmTC_ef6bb.dir/CheckSymbolExists.c.o   -c /home/zyw/catkin_ws/src/isee_camvox/inertial-sense-ros/build/CMakeFiles/CMakeTmp/CheckSymbolExists.c
Linking C executable cmTC_ef6bb
/usr/bin/cmake -E cmake_link_script CMakeFiles/cmTC_ef6bb.dir/link.txt --verbose=1
/usr/bin/x86_64-linux-gnu-gcc-5       CMakeFiles/cmTC_ef6bb.dir/CheckSymbolExists.c.o  -o cmTC_ef6bb -rdynamic 
CMakeFiles/cmTC_ef6bb.dir/CheckSymbolExists.c.o：在函数‘main’中：
CheckSymbolExists.c:(.text+0x16)：对‘pthread_create’未定义的引用
collect2: error: ld returned 1 exit status
CMakeFiles/cmTC_ef6bb.dir/build.make:97: recipe for target 'cmTC_ef6bb' failed
make[1]: *** [cmTC_ef6bb] Error 1
make[1]: Leaving directory '/home/zyw/catkin_ws/src/isee_camvox/inertial-sense-ros/build/CMakeFiles/CMakeTmp'
Makefile:126: recipe for target 'cmTC_ef6bb/fast' failed
make: *** [cmTC_ef6bb/fast] Error 2

File /home/zyw/catkin_ws/src/isee_camvox/inertial-sense-ros/build/CMakeFiles/CMakeTmp/CheckSymbolExists.c:
/* */
#include <pthread.h>

int main(int argc, char** argv)
{
  (void)argv;
#ifndef pthread_create
  return ((int*)(&pthread_create))[argc];
#else
  (void)argc;
  return 0;
#endif
}

Determining if the function pthread_create exists in the pthreads failed with the following output:
Change Dir: /home/zyw/catkin_ws/src/isee_camvox/inertial-sense-ros/build/CMakeFiles/CMakeTmp

Run Build Command:"/usr/bin/make" "cmTC_0c60e/fast"
/usr/bin/make -f CMakeFiles/cmTC_0c60e.dir/build.make CMakeFiles/cmTC_0c60e.dir/build
make[1]: Entering directory '/home/zyw/catkin_ws/src/isee_camvox/inertial-sense-ros/build/CMakeFiles/CMakeTmp'
Building C object CMakeFiles/cmTC_0c60e.dir/CheckFunctionExists.c.o
/usr/bin/x86_64-linux-gnu-gcc-5    -DCHECK_FUNCTION_EXISTS=pthread_create   -o CMakeFiles/cmTC_0c60e.dir/CheckFunctionExists.c.o   -c /usr/share/cmake-3.5/Modules/CheckFunctionExists.c
Linking C executable cmTC_0c60e
/usr/bin/cmake -E cmake_link_script CMakeFiles/cmTC_0c60e.dir/link.txt --verbose=1
/usr/bin/x86_64-linux-gnu-gcc-5   -DCHECK_FUNCTION_EXISTS=pthread_create    CMakeFiles/cmTC_0c60e.dir/CheckFunctionExists.c.o  -o cmTC_0c60e -rdynamic -lpthreads 
/usr/bin/ld: 找不到 -lpthreads
collect2: error: ld returned 1 exit status
CMakeFiles/cmTC_0c60e.dir/build.make:97: recipe for target 'cmTC_0c60e' failed
make[1]: *** [cmTC_0c60e] Error 1
make[1]: Leaving directory '/home/zyw/catkin_ws/src/isee_camvox/inertial-sense-ros/build/CMakeFiles/CMakeTmp'
Makefile:126: recipe for target 'cmTC_0c60e/fast' failed
make: *** [cmTC_0c60e/fast] Error 2


